<?xml version="1.0" encoding="UTF-8"?>
<!-- Generated by org.testng.reporters.JUnitReportReporter -->
<testsuite skipped="0" hostname="DESKTOP-MUJVQB8" name="com.training.sanity.tests.Profile_ELTC_003_Tests" tests="1" failures="0" timestamp="2019-11-07T15:57:48 IST" time="31.638" errors="0">
  <testcase name="validEditProfileTest" time="31.638" classname="com.training.sanity.tests.Profile_ELTC_003_Tests"/>
</testsuite> <!-- com.training.sanity.tests.Profile_ELTC_003_Tests -->
