<?xml version="1.0" encoding="UTF-8"?>
<!-- Generated by org.testng.reporters.JUnitReportReporter -->
<testsuite skipped="0" hostname="DESKTOP-MUJVQB8" name="com.training.sanity.tests.Newcourse_ELTC_031_Tests" tests="1" failures="0" timestamp="2019-11-07T00:06:52 IST" time="54.813" errors="0">
  <testcase name="validCreateCourseTest" time="54.813" classname="com.training.sanity.tests.Newcourse_ELTC_031_Tests"/>
</testsuite> <!-- com.training.sanity.tests.Newcourse_ELTC_031_Tests -->
