<?xml version="1.0" encoding="UTF-8"?>
<!-- Generated by org.testng.reporters.JUnitReportReporter -->
<testsuite skipped="0" hostname="DESKTOP-MUJVQB8" name="com.training.sanity.tests.TeacherCourse_ELTC_064_Tests" tests="1" failures="0" timestamp="2019-11-09T00:33:06 IST" time="48.813" errors="0">
  <testcase name="validSignUpStudentComplexTest" time="48.813" classname="com.training.sanity.tests.TeacherCourse_ELTC_064_Tests"/>
</testsuite> <!-- com.training.sanity.tests.TeacherCourse_ELTC_064_Tests -->
