<?xml version="1.0" encoding="UTF-8"?>
<!-- Generated by org.testng.reporters.JUnitReportReporter -->
<testsuite skipped="0" hostname="DESKTOP-MUJVQB8" name="com.training.sanity.tests.Profile_ELTC_003_Tests" tests="1" failures="0" timestamp="2019-11-05T00:12:46 IST" time="37.271" errors="0">
  <testcase name="validSignUpTest" time="37.271" classname="com.training.sanity.tests.Profile_ELTC_003_Tests"/>
</testsuite> <!-- com.training.sanity.tests.Profile_ELTC_003_Tests -->
