<?xml version="1.0" encoding="UTF-8"?>
<!-- Generated by org.testng.reporters.JUnitReportReporter -->
<testsuite skipped="0" hostname="DESKTOP-MUJVQB8" name="com.training.sanity.tests.Test_ELTC_032_Tests" tests="1" failures="0" timestamp="2019-11-07T22:21:37 IST" time="231.902" errors="0">
  <testcase name="validCreateNewTest" time="231.902" classname="com.training.sanity.tests.Test_ELTC_032_Tests"/>
</testsuite> <!-- com.training.sanity.tests.Test_ELTC_032_Tests -->
