<?xml version="1.0" encoding="UTF-8"?>
<!-- Generated by org.testng.reporters.JUnitReportReporter -->
<testsuite skipped="0" hostname="DESKTOP-MUJVQB8" name="com.training.sanity.tests.Lostpassword_ELTC_004_Tests" tests="1" failures="0" timestamp="2019-11-07T17:20:59 IST" time="25.490" errors="0">
  <testcase name="validLoginTest" time="25.490" classname="com.training.sanity.tests.Lostpassword_ELTC_004_Tests"/>
</testsuite> <!-- com.training.sanity.tests.Lostpassword_ELTC_004_Tests -->
