<?xml version="1.0" encoding="UTF-8"?>
<!-- Generated by org.testng.reporters.JUnitReportReporter -->
<testsuite skipped="0" hostname="DESKTOP-MUJVQB8" name="com.training.sanity.tests.SignupPage_ELTC_001_Tests" tests="1" failures="0" timestamp="2019-11-07T18:34:24 IST" time="65.264" errors="0">
  <testcase name="validSignUpStudentTest" time="65.264" classname="com.training.sanity.tests.SignupPage_ELTC_001_Tests"/>
</testsuite> <!-- com.training.sanity.tests.SignupPage_ELTC_001_Tests -->
