<?xml version="1.0" encoding="UTF-8"?>
<!-- Generated by org.testng.reporters.JUnitReportReporter -->
<testsuite skipped="0" hostname="DESKTOP-MUJVQB8" name="com.training.sanity.tests.SignupPage_ELTC_001_Tests" tests="1" failures="0" timestamp="2019-11-05T01:04:16 IST" time="27.518" errors="0">
  <testcase name="validSignUpTest" time="27.518" classname="com.training.sanity.tests.SignupPage_ELTC_001_Tests"/>
</testsuite> <!-- com.training.sanity.tests.SignupPage_ELTC_001_Tests -->
