<?xml version="1.0" encoding="UTF-8"?>
<!-- Generated by org.testng.reporters.JUnitReportReporter -->
<testsuite skipped="0" hostname="DESKTOP-MUJVQB8" name="com.training.sanity.tests.SignupPageTests" tests="1" failures="0" timestamp="2019-11-04T22:24:34 IST" time="27.205" errors="0">
  <testcase name="validSignUpTest" time="27.205" classname="com.training.sanity.tests.SignupPageTests"/>
</testsuite> <!-- com.training.sanity.tests.SignupPageTests -->
