<?xml version="1.0" encoding="UTF-8"?>
<!-- Generated by org.testng.reporters.JUnitReportReporter -->
<testsuite skipped="0" hostname="DESKTOP-MUJVQB8" name="com.training.sanity.tests.HomepageTests" tests="1" failures="0" timestamp="2019-11-08T01:43:58 IST" time="22.352" errors="0">
  <testcase name="validLoginTest" time="22.352" classname="com.training.sanity.tests.HomepageTests"/>
</testsuite> <!-- com.training.sanity.tests.HomepageTests -->
