<?xml version="1.0" encoding="UTF-8"?>
<!-- Generated by org.testng.reporters.JUnitReportReporter -->
<testsuite skipped="0" hostname="DESKTOP-MUJVQB8" name="com.training.sanity.tests.Login_ELTC_002_Tests" tests="1" failures="0" timestamp="2019-11-04T23:12:21 IST" time="42.670" errors="0">
  <testcase name="validSignUpTest" time="42.670" classname="com.training.sanity.tests.Login_ELTC_002_Tests"/>
</testsuite> <!-- com.training.sanity.tests.Login_ELTC_002_Tests -->
