<?xml version="1.0" encoding="UTF-8"?>
<!-- Generated by org.testng.reporters.JUnitReportReporter -->
<testsuite skipped="0" hostname="DESKTOP-MUJVQB8" name="com.training.sanity.tests.Assesment_ELTC_033_Tests" tests="1" failures="0" timestamp="2019-11-07T23:05:55 IST" time="51.590" errors="0">
  <testcase name="validAssesmentTest" time="51.590" classname="com.training.sanity.tests.Assesment_ELTC_033_Tests"/>
</testsuite> <!-- com.training.sanity.tests.Assesment_ELTC_033_Tests -->
