<?xml version="1.0" encoding="UTF-8"?>
<!-- Generated by org.testng.reporters.JUnitReportReporter -->
<testsuite skipped="0" hostname="DESKTOP-MUJVQB8" name="com.training.sanity.tests.Assignment_ETLC_034_Tests" tests="1" failures="0" timestamp="2019-11-08T00:28:48 IST" time="43.002" errors="0">
  <testcase name="validAssesmentTest" time="43.002" classname="com.training.sanity.tests.Assignment_ETLC_034_Tests"/>
</testsuite> <!-- com.training.sanity.tests.Assignment_ETLC_034_Tests -->
