<?xml version="1.0" encoding="UTF-8"?>
<!-- Generated by org.testng.reporters.JUnitReportReporter -->
<testsuite skipped="0" hostname="DESKTOP-MUJVQB8" name="com.training.sanity.tests.EditAssignments_ELTC_035_Tests" tests="1" failures="0" timestamp="2019-11-08T01:40:43 IST" time="44.562" errors="0">
  <testcase name="validEditAssignmentTest" time="44.562" classname="com.training.sanity.tests.EditAssignments_ELTC_035_Tests"/>
</testsuite> <!-- com.training.sanity.tests.EditAssignments_ELTC_035_Tests -->
