<?xml version="1.0" encoding="UTF-8"?>
<!-- Generated by org.testng.reporters.JUnitReportReporter -->
<testsuite skipped="0" hostname="DESKTOP-MUJVQB8" name="com.training.sanity.tests.SignupStudentPOM" tests="1" failures="0" timestamp="2019-11-08T17:53:49 IST" time="26.893" errors="0">
  <testcase name="validSignUpStudentTest" time="26.893" classname="com.training.sanity.tests.SignupStudentPOM"/>
</testsuite> <!-- com.training.sanity.tests.SignupStudentPOM -->
