<?xml version="1.0" encoding="UTF-8"?>
<!-- Generated by org.testng.reporters.JUnitReportReporter -->
<testsuite skipped="0" hostname="DESKTOP-MUJVQB8" name="com.training.sanity.tests.SignupPage_Teacher_ELTC_005_Tests" tests="1" failures="0" timestamp="2019-11-07T18:30:27 IST" time="83.317" errors="0">
  <testcase name="validSignUpTeacherTest" time="83.317" classname="com.training.sanity.tests.SignupPage_Teacher_ELTC_005_Tests"/>
</testsuite> <!-- com.training.sanity.tests.SignupPage_Teacher_ELTC_005_Tests -->
