<?xml version="1.0" encoding="UTF-8"?>
<!-- Generated by org.testng.reporters.JUnitReportReporter -->
<testsuite skipped="0" hostname="DESKTOP-MUJVQB8" name="com.training.sanity.tests.Login_ELTC_002_Tests" tests="1" failures="0" timestamp="2019-11-07T15:56:53 IST" time="50.741" errors="0">
  <testcase name="validLoginTest" time="50.741" classname="com.training.sanity.tests.Login_ELTC_002_Tests"/>
</testsuite> <!-- com.training.sanity.tests.Login_ELTC_002_Tests -->
